0 info it worked if it ends with ok
1 verbose cli [ '/home/akash/libraries/node-v5.0.0-linux-x64/bin/node',
1 verbose cli   '/home/akash/libraries/node-v5.0.0-linux-x64/bin/npm',
1 verbose cli   'publish' ]
2 info using npm@3.4.0
3 info using node@v5.0.0
4 verbose publish [ '.' ]
5 silly cache add args [ '.', null ]
6 verbose cache add spec .
7 silly cache add parsed spec Result {
7 silly cache add   raw: '.',
7 silly cache add   scope: null,
7 silly cache add   name: null,
7 silly cache add   rawSpec: '.',
7 silly cache add   spec: '/home/akash/Kode/CXLA',
7 silly cache add   type: 'directory' }
8 verbose addLocalDirectory /home/akash/.npm/razor/1.0.0/package.tgz not in flight; packing
9 info lifecycle razor@1.0.0~prepublish: razor@1.0.0
10 silly lifecycle razor@1.0.0~prepublish: no script for prepublish, continuing
11 verbose tar pack [ '/home/akash/.npm/razor/1.0.0/package.tgz',
11 verbose tar pack   '/home/akash/Kode/CXLA' ]
12 verbose tarball /home/akash/.npm/razor/1.0.0/package.tgz
13 verbose folder /home/akash/Kode/CXLA
14 verbose addLocalTarball adding from inside cache /home/akash/.npm/razor/1.0.0/package.tgz
15 silly cache afterAdd razor@1.0.0
16 verbose afterAdd /home/akash/.npm/razor/1.0.0/package/package.json not in flight; writing
17 verbose afterAdd /home/akash/.npm/razor/1.0.0/package/package.json written
18 silly publish { name: 'razor',
18 silly publish   version: '1.0.0',
18 silly publish   scripts: { start: 'node ./bin/www' },
18 silly publish   repository:
18 silly publish    { type: 'git',
18 silly publish      url: 'git+https://github.com/shakdwipeea/cxla.git' },
18 silly publish   dependencies:
18 silly publish    { assert: '^1.3.0',
18 silly publish      async: '^1.5.0',
18 silly publish      'babel-core': '^6.6.5',
18 silly publish      'babel-register': '^6.6.5',
18 silly publish      'body-parser': '~1.13.2',
18 silly publish      chai: '^3.4.1',
18 silly publish      'cookie-parser': '~1.3.5',
18 silly publish      cors: '^2.7.1',
18 silly publish      debug: '~2.2.0',
18 silly publish      ejs: '^2.3.4',
18 silly publish      elasticsearch: '^10.1.0',
18 silly publish      eslint: '^2.3.0',
18 silly publish      'event-stream': '^3.3.1',
18 silly publish      express: '~4.13.1',
18 silly publish      hbs: '~3.1.0',
18 silly publish      jscs: '^2.11.0',
18 silly publish      lodash: '^3.10.1',
18 silly publish      mocha: '^2.3.4',
18 silly publish      moment: '^2.10.6',
18 silly publish      morgan: '~1.6.1',
18 silly publish      multer: '^1.1.0',
18 silly publish      nodemon: '^1.5.0',
18 silly publish      readline: '^1.3.0',
18 silly publish      'serve-favicon': '~2.3.0',
18 silly publish      stream: '0.0.2',
18 silly publish      underscore: '^1.8.3',
18 silly publish      util: '^0.10.3' },
18 silly publish   devDependencies:
18 silly publish    { 'babel-cli': '^6.6.5',
18 silly publish      'babel-preset-es2015': '^6.6.0',
18 silly publish      eslint: '^2.3.0',
18 silly publish      'eslint-config-airbnb': '^6.1.0',
18 silly publish      'eslint-plugin-react': '^4.2.0' },
18 silly publish   bin: { razor: './bin/www' },
18 silly publish   author: { name: 'Akash Shakdwipeea', email: 'ashakdwipeea@gmail.com' },
18 silly publish   license: 'ISC',
18 silly publish   readme: '[![Build Status](https://semaphoreci.com/api/v1/projects/6b0be2a6-0da9-4a20-991a-7373628354d0/663555/badge.svg)](https://semaphoreci.com/shakdwipeea/cxla)\n\n# CXLA\nCitrix Generic Log Analyzer\n\n\n\n###Prerequisites\n\n1. nodejs\n2. git \n\n----------\n\n###Installing Nodejs\n[See instructions here](https://github.com/nodejs/node#unix--macintosh)\n\n###Installation\n\n1. ``` git clone https://github.com/shakdwipeea/CXLA.git```\n\n2. Move to the directory CXLA\n\n3. Inside the directory\n```\nnpm install\nnpm install -g pm2\npm2 start bin/www\n```\n4. Now visit ```localhost:3000```\n\n\n------------\n\n###Working\n1. Upload the log file\n\n2. For using the search feature just enter the term you want to search and press enter.\n\n3. For using the highlight feature\n\n  * first highlight the key then press next.\n\n  * second time highlight the value corresponding to it and then press next.\n\n\n> For highlighting the value utmost care should be taken that there must be characters followed by the value you want.for example:\n\nSnapshot 1:\n![alt-text](https://github.com/shakdwipeea/CXLA/blob/modifiedhighlight/public/images/Screen%20Shot%202016-01-25%20at%209.43.14%20AM.png)\n\n> consider the highlighted line different key value pairs can be:\n\n1. key: S(100.100.12.10:80: value: Hits(10.89,\n2. key: S(100.100.12.10:80: value: Hits(10.89, 0\n3. key: S(100.100.12.10:80: value: P[40,\n4. key: S(100.100.12.10.80: value: P[40, 0\n5. key: S(100.100.12.10.80: value: Mbps(0.00)\nand so on\n\n\nSnapshot 2:\n![alt-text](https://github.com/shakdwipeea/CXLA/blob/modifiedhighlight/public/images/Screen%20Shot%202016-01-25%20at%209.50.29%20AM.png)\n\n> consider the highlighted line different key value pairs can be:\n\n1. key: EVENT MONITORDOWN value: MONITORDOWN 72409\n2. key: EVENT MONITORDOWN value: MONITORDOWN 72409 0\n3. key: GMT value: MONITORDOWN 72409 0\n4. key: GMT value:GMT NS_123 0-PPE-0  and so on\n',
18 silly publish   readmeFilename: 'README.md',
18 silly publish   gitHead: '10cf6a5706de2129b9dbc58a2b5bdeb835a67652',
18 silly publish   description: '[![Build Status](https://semaphoreci.com/api/v1/projects/6b0be2a6-0da9-4a20-991a-7373628354d0/663555/badge.svg)](https://semaphoreci.com/shakdwipeea/cxla)',
18 silly publish   bugs: { url: 'https://github.com/shakdwipeea/cxla/issues' },
18 silly publish   homepage: 'https://github.com/shakdwipeea/cxla#readme',
18 silly publish   _id: 'razor@1.0.0',
18 silly publish   _shasum: '94e099459f089ed82be07a429e9aa5d8d06e8ed6',
18 silly publish   _from: '.' }
19 verbose getPublishConfig undefined
20 silly mapToRegistry name razor
21 silly mapToRegistry using default registry
22 silly mapToRegistry registry https://registry.npmjs.org/
23 silly mapToRegistry uri https://registry.npmjs.org/razor
24 verbose publish registryBase https://registry.npmjs.org/
25 silly publish uploading /home/akash/.npm/razor/1.0.0/package.tgz
26 verbose request uri https://registry.npmjs.org/razor
27 verbose request sending authorization for write operation
28 info attempt registry request try #1 at 11:09:04 PM
29 verbose request using bearer token for auth
30 verbose request id 5915d94f0485b8d8
31 http request PUT https://registry.npmjs.org/razor
32 http 403 https://registry.npmjs.org/razor
33 verbose headers { 'content-type': 'application/json',
33 verbose headers   'cache-control': 'max-age=300',
33 verbose headers   'content-length': '97',
33 verbose headers   'accept-ranges': 'bytes',
33 verbose headers   date: 'Mon, 07 Mar 2016 17:39:09 GMT',
33 verbose headers   via: '1.1 varnish',
33 verbose headers   connection: 'keep-alive',
33 verbose headers   'x-served-by': 'cache-sin6923-SIN',
33 verbose headers   'x-cache': 'MISS',
33 verbose headers   'x-cache-hits': '0',
33 verbose headers   'x-timer': 'S1457372345.378751,VS0,VE4178' }
34 verbose request invalidating /home/akash/.npm/registry.npmjs.org/razor on PUT
35 error publish Failed PUT 403
36 verbose stack Error: You do not have permission to publish 'razor'. Are you logged in as the correct user? : razor
36 verbose stack     at makeError (/home/akash/libraries/node-v5.0.0-linux-x64/lib/node_modules/npm/node_modules/npm-registry-client/lib/request.js:264:12)
36 verbose stack     at CachingRegistryClient.<anonymous> (/home/akash/libraries/node-v5.0.0-linux-x64/lib/node_modules/npm/node_modules/npm-registry-client/lib/request.js:252:14)
36 verbose stack     at Request._callback (/home/akash/libraries/node-v5.0.0-linux-x64/lib/node_modules/npm/node_modules/npm-registry-client/lib/request.js:172:14)
36 verbose stack     at Request.self.callback (/home/akash/libraries/node-v5.0.0-linux-x64/lib/node_modules/npm/node_modules/request/request.js:198:22)
36 verbose stack     at emitTwo (events.js:87:13)
36 verbose stack     at Request.emit (events.js:172:7)
36 verbose stack     at Request.<anonymous> (/home/akash/libraries/node-v5.0.0-linux-x64/lib/node_modules/npm/node_modules/request/request.js:1082:10)
36 verbose stack     at emitOne (events.js:82:20)
36 verbose stack     at Request.emit (events.js:169:7)
36 verbose stack     at IncomingMessage.<anonymous> (/home/akash/libraries/node-v5.0.0-linux-x64/lib/node_modules/npm/node_modules/request/request.js:1009:12)
37 verbose statusCode 403
38 verbose pkgid razor
39 verbose cwd /home/akash/Kode/CXLA
40 error Linux 3.19.0-51-generic
41 error argv "/home/akash/libraries/node-v5.0.0-linux-x64/bin/node" "/home/akash/libraries/node-v5.0.0-linux-x64/bin/npm" "publish"
42 error node v5.0.0
43 error npm  v3.4.0
44 error code E403
45 error You do not have permission to publish 'razor'. Are you logged in as the correct user? : razor
46 error If you need help, you may report this error at:
46 error     <https://github.com/npm/npm/issues>
47 verbose exit [ 1, true ]
